Determining if the pthread_create exist failed with the following output:
Change Dir: /home/ur3/catkin_harshg2/build/CMakeFiles/CMakeTmp

Run Build Command:"/usr/bin/make" "cmTC_ef32c/fast"
/usr/bin/make -f CMakeFiles/cmTC_ef32c.dir/build.make CMakeFiles/cmTC_ef32c.dir/build
make[1]: Entering directory '/home/ur3/catkin_harshg2/build/CMakeFiles/CMakeTmp'
Building C object CMakeFiles/cmTC_ef32c.dir/CheckSymbolExists.c.o
/usr/bin/cc     -o CMakeFiles/cmTC_ef32c.dir/CheckSymbolExists.c.o   -c /home/ur3/catkin_harshg2/build/CMakeFiles/CMakeTmp/CheckSymbolExists.c
Linking C executable cmTC_ef32c
/usr/bin/cmake -E cmake_link_script CMakeFiles/cmTC_ef32c.dir/link.txt --verbose=1
/usr/bin/cc       CMakeFiles/cmTC_ef32c.dir/CheckSymbolExists.c.o  -o cmTC_ef32c -rdynamic 
CMakeFiles/cmTC_ef32c.dir/CheckSymbolExists.c.o: In function `main':
CheckSymbolExists.c:(.text+0x16): undefined reference to `pthread_create'
collect2: error: ld returned 1 exit status
CMakeFiles/cmTC_ef32c.dir/build.make:97: recipe for target 'cmTC_ef32c' failed
make[1]: *** [cmTC_ef32c] Error 1
make[1]: Leaving directory '/home/ur3/catkin_harshg2/build/CMakeFiles/CMakeTmp'
Makefile:126: recipe for target 'cmTC_ef32c/fast' failed
make: *** [cmTC_ef32c/fast] Error 2

File /home/ur3/catkin_harshg2/build/CMakeFiles/CMakeTmp/CheckSymbolExists.c:
/* */
#include <pthread.h>

int main(int argc, char** argv)
{
  (void)argv;
#ifndef pthread_create
  return ((int*)(&pthread_create))[argc];
#else
  (void)argc;
  return 0;
#endif
}

Determining if the function pthread_create exists in the pthreads failed with the following output:
Change Dir: /home/ur3/catkin_harshg2/build/CMakeFiles/CMakeTmp

Run Build Command:"/usr/bin/make" "cmTC_e8d7f/fast"
/usr/bin/make -f CMakeFiles/cmTC_e8d7f.dir/build.make CMakeFiles/cmTC_e8d7f.dir/build
make[1]: Entering directory '/home/ur3/catkin_harshg2/build/CMakeFiles/CMakeTmp'
Building C object CMakeFiles/cmTC_e8d7f.dir/CheckFunctionExists.c.o
/usr/bin/cc    -DCHECK_FUNCTION_EXISTS=pthread_create   -o CMakeFiles/cmTC_e8d7f.dir/CheckFunctionExists.c.o   -c /usr/share/cmake-3.5/Modules/CheckFunctionExists.c
Linking C executable cmTC_e8d7f
/usr/bin/cmake -E cmake_link_script CMakeFiles/cmTC_e8d7f.dir/link.txt --verbose=1
/usr/bin/cc   -DCHECK_FUNCTION_EXISTS=pthread_create    CMakeFiles/cmTC_e8d7f.dir/CheckFunctionExists.c.o  -o cmTC_e8d7f -rdynamic -lpthreads 
/usr/bin/ld: cannot find -lpthreads
collect2: error: ld returned 1 exit status
CMakeFiles/cmTC_e8d7f.dir/build.make:97: recipe for target 'cmTC_e8d7f' failed
make[1]: *** [cmTC_e8d7f] Error 1
make[1]: Leaving directory '/home/ur3/catkin_harshg2/build/CMakeFiles/CMakeTmp'
Makefile:126: recipe for target 'cmTC_e8d7f/fast' failed
make: *** [cmTC_e8d7f/fast] Error 2


